\BOOKMARK [0][]{chapter.1}{Einleitung}{}% 1
\BOOKMARK [1][]{section.1.1}{Motivation}{chapter.1}% 2
\BOOKMARK [1][]{section.1.2}{Problemstellung}{chapter.1}% 3
\BOOKMARK [1][]{section.1.3}{Foschungsstand}{chapter.1}% 4
\BOOKMARK [1][]{section.1.4}{Thesis\374bersicht}{chapter.1}% 5
\BOOKMARK [0][]{chapter.2}{Themen\374berblick}{}% 6
\BOOKMARK [1][]{section.2.1}{Verteilte Systeme}{chapter.2}% 7
\BOOKMARK [2][]{subsection.2.1.1}{\334berwachung von verteilten Systemen}{section.2.1}% 8
\BOOKMARK [2][]{subsection.2.1.2}{Synchronisation}{section.2.1}% 9
\BOOKMARK [2][]{subsection.2.1.3}{Ordnung von events}{section.2.1}% 10
\BOOKMARK [1][]{section.2.2}{Bibliotheksentwicklung}{chapter.2}% 11
\BOOKMARK [0][]{chapter.3}{Problembeschreibung}{}% 12
\BOOKMARK [1][]{section.3.1}{Eventgenerierung}{chapter.3}% 13
\BOOKMARK [2][]{subsection.3.1.1}{Eventkorrelation}{section.3.1}% 14
\BOOKMARK [2][]{subsection.3.1.2}{Synchronistion von Eventgeneratoren}{section.3.1}% 15
\BOOKMARK [1][]{section.3.2}{Event\374bermittlung}{chapter.3}% 16
\BOOKMARK [0][]{chapter.4}{Design}{}% 17
\BOOKMARK [1][]{section.4.1}{Datenmodell}{chapter.4}% 18
\BOOKMARK [2][]{subsection.4.1.1}{Eventmodell}{section.4.1}% 19
\BOOKMARK [2][]{subsection.4.1.2}{Eventgraph}{section.4.1}% 20
\BOOKMARK [1][]{section.4.2}{Verarbeitungsmodell}{chapter.4}% 21
\BOOKMARK [2][]{subsection.4.2.1}{Agenten}{section.4.2}% 22
\BOOKMARK [2][]{subsection.4.2.2}{Collectoren}{section.4.2}% 23
\BOOKMARK [0][]{chapter.5}{Implementierung}{}% 24
\BOOKMARK [1][]{section.5.1}{Bilbiothek: Porkins}{chapter.5}% 25
\BOOKMARK [1][]{section.5.2}{Eventagent}{chapter.5}% 26
\BOOKMARK [1][]{section.5.3}{Eventcollector}{chapter.5}% 27
\BOOKMARK [0][]{chapter.6}{Evaluierung}{}% 28
\BOOKMARK [1][]{section.6.1}{Genauigkeit der Eventgenerierung}{chapter.6}% 29
\BOOKMARK [1][]{section.6.2}{Darstellung der Events}{chapter.6}% 30
\BOOKMARK [1][]{section.6.3}{Vergleich mit Jaeger}{chapter.6}% 31
\BOOKMARK [2][]{subsection.6.3.1}{Datenmodelle}{section.6.3}% 32
\BOOKMARK [2][]{subsection.6.3.2}{Bereitstellung}{section.6.3}% 33
\BOOKMARK [2][]{subsection.6.3.3}{Ergebnisse}{section.6.3}% 34
\BOOKMARK [0][]{chapter*.3}{Fazit}{}% 35
\BOOKMARK [0][]{chapter*.4}{Literatur}{}% 36
